Arguments: 
  /data/data/com.termux/files/usr/bin/node /data/data/com.termux/files/usr/share/yarn/bin/yarn.js

PATH: 
  /data/data/com.termux/files/usr/bin

Yarn version: 
  1.22.19

Node version: 
  16.18.1

Platform: 
  android arm64

Trace: 
  Error: EPERM: operation not permitted, symlink '../../../../pino/bin.js' -> '/storage/emulated/0/DraculaV3/node_modules/@adiwajshing/baileys/node_modules/.bin/pino'

npm manifest: 
  {
    "name": "XynaBotz",
    "version": "1.0.0",
    "description": "Made By AraChan",
    "main": "connect/index.js",
    "type": "commonjs",
    "scripts": {
      "start": "node main.js",
      "dev": "nodemon main.js"
    },
    "nodemonConfig": {
      "ext": "js,html,sh,py"
    },
    "keywords": [
      "termux",
      "whatsapp",
      "2022",
      "baileys-md",
      "bot",
      "botmd",
      "bot-md"
    ],
    "author": "XynaBotz",
    "license": "MIT",
    "dependencies": {
      "@adiwajshing/baileys": "latest",
      "@adiwajshing/keyed-db": "latest",
      "@bochilteam/scraper": "^3.0.0",
      "@hapi/boom": "^10.0.0",
      "awesome-phonenumber": "^2.64.0",
      "axios": "^0.24.0",
      "cfonts": "^2.9.1",
      "chalk": "^4.1.2",
      "cheerio": "^1.0.0-rc.10",
      "child_process": "^1.0.2",
      "crypto": "^1.0.1",
      "emoji-api": "^2.0.1",
      "file-type": "^16.5.3",
      "fluent-ffmpeg": "^2.1.2",
      "fs": "0.0.1-security",
      "g-i-s": "^2.1.6",
      "google-it": "^1.6.2",
      "got": "^11.8.3",
      "human-readable": "^0.2.1",
      "hxz-api": "1.0.1",
      "imgbb-uploader": "^1.3.1",
      "jimp": "^0.16.1",
      "jsdom": "^16.4.0",
      "link-preview-js": "2.1.13",
      "lodash": "4.17.21",
      "lolcatjs": "^2.4.1",
      "lowdb": "^2.1.0",
      "mongoose": "^6.2.1",
      "ms": "^2.1.3",
      "moment-timezone": "^0.5.34",
      "node-cron": "^3.0.0",
      "node-fetch": "^2.6.1",
      "node-webpmux": "^3.1.0",
      "nodemon": "latest",
      "os": "^0.1.2",
      "path": "^0.12.7",
      "perf_hooks": "0.0.1",
      "pino": "^7.0.5",
      "qrcode": "^1.4.4",
      "qrcode-terminal": "^0.12.0",
      "qs": "6.11.0",
      "remove.bg": "^1.3.0",
      "request": "^2.88.2",
      "sharp": "^0.30.7",
      "similarity": "^1.2.1",
      "util": "^0.12.4",
      "yargs": "^17.2.1",
      "zrapi": "^0.0.6"
    },
    "directories": {
      "lib": "lib",
      "src": "src"
    },
    "devDependencies": {},
    "repository": {
      "type": "git",
      "url": "git+https://github.com/NzrlAfndi/Ichigo-Kurosaki.git"
    },
    "bugs": {
      "url": "https://github.com/NzrlAfndi/Ichigo-Kurosaki/issues"
    },
    "homepage": "https://github.com/NzrlAfndi/Ichigo-Kurosaki#readme"
  }

yarn manifest: 
  No manifest

Lockfile: 
  No lockfile
